<?xml version="1.0" encoding="UTF-8"?>
<testsuite name="com.kodilla.stream.invoice.simple.SimpleInvoiceTestSuite" tests="1" skipped="0" failures="0" errors="0" timestamp="2019-02-21T11:52:22" hostname="DESKTOP-QC09PJC" time="0.003">
  <properties/>
  <testcase name="testGetValueToPay" classname="com.kodilla.stream.invoice.simple.SimpleInvoiceTestSuite" time="0.003"/>
  <system-out><![CDATA[]]></system-out>
  <system-err><![CDATA[]]></system-err>
</testsuite>
