<?xml version="1.0" encoding="UTF-8"?>
<testsuite name="com.kodilla.spring.forum.ForumUserTestSuite" tests="1" skipped="0" failures="0" errors="0" timestamp="2019-01-10T10:25:30" hostname="DESKTOP-QC09PJC" time="0.016">
  <properties/>
  <testcase name="testGetName" classname="com.kodilla.spring.forum.ForumUserTestSuite" time="0.016"/>
  <system-out><![CDATA[2019-01-10 11:25:30.469  INFO 1284 --- [    Test worker] s.c.a.AnnotationConfigApplicationContext : Refreshing org.springframework.context.annotation.AnnotationConfigApplicationContext@27b42ba3: startup date [Thu Jan 10 11:25:30 CET 2019]; root of context hierarchy
]]></system-out>
  <system-err><![CDATA[]]></system-err>
</testsuite>
