<?xml version="1.0" encoding="UTF-8"?>
<testsuite name="com.kodilla.spring.library.LibraryTestSuite" tests="3" skipped="0" failures="0" errors="0" timestamp="2019-01-10T10:25:30" hostname="DESKTOP-QC09PJC" time="0.387">
  <properties/>
  <testcase name="testSaveDataToDb" classname="com.kodilla.spring.library.LibraryTestSuite" time="0.13"/>
  <testcase name="testContext" classname="com.kodilla.spring.library.LibraryTestSuite" time="0.128"/>
  <testcase name="testLoadDataFromDb" classname="com.kodilla.spring.library.LibraryTestSuite" time="0.127"/>
  <system-out><![CDATA[2019-01-10 11:25:30.484  INFO 1284 --- [    Test worker] .b.t.c.SpringBootTestContextBootstrapper : Neither @ContextConfiguration nor @ContextHierarchy found for test class [com.kodilla.spring.library.LibraryTestSuite], using SpringBootContextLoader
2019-01-10 11:25:30.484  INFO 1284 --- [    Test worker] o.s.t.c.support.AbstractContextLoader    : Could not detect default resource locations for test class [com.kodilla.spring.library.LibraryTestSuite]: no resource found for suffixes {-context.xml, Context.groovy}.
2019-01-10 11:25:30.484  INFO 1284 --- [    Test worker] t.c.s.AnnotationConfigContextLoaderUtils : Could not detect default configuration classes for test class [com.kodilla.spring.library.LibraryTestSuite]: LibraryTestSuite does not declare any static, non-private, non-final, nested classes annotated with @Configuration.
2019-01-10 11:25:30.484  INFO 1284 --- [    Test worker] .b.t.c.SpringBootTestContextBootstrapper : Found @SpringBootConfiguration com.kodilla.spring.SpringRunner for test class com.kodilla.spring.library.LibraryTestSuite
2019-01-10 11:25:30.484  INFO 1284 --- [    Test worker] .b.t.c.SpringBootTestContextBootstrapper : Loaded default TestExecutionListener class names from location [META-INF/spring.factories]: [org.springframework.boot.test.autoconfigure.restdocs.RestDocsTestExecutionListener, org.springframework.boot.test.autoconfigure.web.client.MockRestServiceServerResetTestExecutionListener, org.springframework.boot.test.autoconfigure.web.servlet.MockMvcPrintOnlyOnFailureTestExecutionListener, org.springframework.boot.test.autoconfigure.web.servlet.WebDriverTestExecutionListener, org.springframework.boot.test.mock.mockito.MockitoTestExecutionListener, org.springframework.boot.test.mock.mockito.ResetMocksTestExecutionListener, org.springframework.test.context.web.ServletTestExecutionListener, org.springframework.test.context.support.DirtiesContextBeforeModesTestExecutionListener, org.springframework.test.context.support.DependencyInjectionTestExecutionListener, org.springframework.test.context.support.DirtiesContextTestExecutionListener, org.springframework.test.context.transaction.TransactionalTestExecutionListener, org.springframework.test.context.jdbc.SqlScriptsTestExecutionListener]
2019-01-10 11:25:30.484  INFO 1284 --- [    Test worker] .b.t.c.SpringBootTestContextBootstrapper : Using TestExecutionListeners: [org.springframework.test.context.support.DirtiesContextBeforeModesTestExecutionListener@6017a75, org.springframework.boot.test.mock.mockito.MockitoTestExecutionListener@3a271eec, org.springframework.boot.test.autoconfigure.SpringBootDependencyInjectionTestExecutionListener@2d6fd497, org.springframework.test.context.support.DirtiesContextTestExecutionListener@183289bf, org.springframework.boot.test.autoconfigure.restdocs.RestDocsTestExecutionListener@15ed9a1e, org.springframework.boot.test.autoconfigure.web.client.MockRestServiceServerResetTestExecutionListener@173f2631, org.springframework.boot.test.autoconfigure.web.servlet.MockMvcPrintOnlyOnFailureTestExecutionListener@4427932d, org.springframework.boot.test.autoconfigure.web.servlet.WebDriverTestExecutionListener@48549567, org.springframework.boot.test.mock.mockito.ResetMocksTestExecutionListener@3190cb19]
2019-01-10 11:25:30.500  INFO 1284 --- [    Test worker] s.c.a.AnnotationConfigApplicationContext : Refreshing org.springframework.context.annotation.AnnotationConfigApplicationContext@5ff07db4: startup date [Thu Jan 10 11:25:30 CET 2019]; root of context hierarchy
2019-01-10 11:25:30.547  INFO 1284 --- [    Test worker] o.s.b.f.s.DefaultListableBeanFactory     : Overriding bean definition for bean 'library' with a different definition: replacing [Generic bean: class [com.kodilla.spring.library.Library]; scope=singleton; abstract=false; lazyInit=false; autowireMode=0; dependencyCheck=0; autowireCandidate=true; primary=false; factoryBeanName=null; factoryMethodName=null; initMethodName=null; destroyMethodName=null; defined in file [C:\Users\magda\IdeaProjects\magdalena-szade-kodilla-java\kodilla-spring\build\classes\java\main\com\kodilla\spring\library\Library.class]] with [Root bean: class [null]; scope=; abstract=false; lazyInit=false; autowireMode=3; dependencyCheck=0; autowireCandidate=true; primary=false; factoryBeanName=libraryConfig; factoryMethodName=library; initMethodName=null; destroyMethodName=(inferred); defined in com.kodilla.spring.library.LibraryConfig]
2019-01-10 11:25:30.547  INFO 1284 --- [    Test worker] o.s.b.f.s.DefaultListableBeanFactory     : Overriding bean definition for bean 'libraryDbController' with a different definition: replacing [Generic bean: class [com.kodilla.spring.library.LibraryDbController]; scope=singleton; abstract=false; lazyInit=false; autowireMode=0; dependencyCheck=0; autowireCandidate=true; primary=false; factoryBeanName=null; factoryMethodName=null; initMethodName=null; destroyMethodName=null; defined in file [C:\Users\magda\IdeaProjects\magdalena-szade-kodilla-java\kodilla-spring\build\classes\java\main\com\kodilla\spring\library\LibraryDbController.class]] with [Root bean: class [null]; scope=; abstract=false; lazyInit=false; autowireMode=3; dependencyCheck=0; autowireCandidate=true; primary=false; factoryBeanName=libraryConfig; factoryMethodName=libraryDbController; initMethodName=null; destroyMethodName=(inferred); defined in com.kodilla.spring.library.LibraryConfig]
2019-01-10 11:25:30.609  INFO 1284 --- [    Test worker] o.s.j.e.a.AnnotationMBeanExporter        : Registering beans for JMX exposure on startup
Saving data to the database.
2019-01-10 11:25:30.625  INFO 1284 --- [    Test worker] s.c.a.AnnotationConfigApplicationContext : Refreshing org.springframework.context.annotation.AnnotationConfigApplicationContext@215842c7: startup date [Thu Jan 10 11:25:30 CET 2019]; root of context hierarchy
2019-01-10 11:25:30.672  INFO 1284 --- [    Test worker] o.s.b.f.s.DefaultListableBeanFactory     : Overriding bean definition for bean 'library' with a different definition: replacing [Generic bean: class [com.kodilla.spring.library.Library]; scope=singleton; abstract=false; lazyInit=false; autowireMode=0; dependencyCheck=0; autowireCandidate=true; primary=false; factoryBeanName=null; factoryMethodName=null; initMethodName=null; destroyMethodName=null; defined in file [C:\Users\magda\IdeaProjects\magdalena-szade-kodilla-java\kodilla-spring\build\classes\java\main\com\kodilla\spring\library\Library.class]] with [Root bean: class [null]; scope=; abstract=false; lazyInit=false; autowireMode=3; dependencyCheck=0; autowireCandidate=true; primary=false; factoryBeanName=libraryConfig; factoryMethodName=library; initMethodName=null; destroyMethodName=(inferred); defined in com.kodilla.spring.library.LibraryConfig]
2019-01-10 11:25:30.672  INFO 1284 --- [    Test worker] o.s.b.f.s.DefaultListableBeanFactory     : Overriding bean definition for bean 'libraryDbController' with a different definition: replacing [Generic bean: class [com.kodilla.spring.library.LibraryDbController]; scope=singleton; abstract=false; lazyInit=false; autowireMode=0; dependencyCheck=0; autowireCandidate=true; primary=false; factoryBeanName=null; factoryMethodName=null; initMethodName=null; destroyMethodName=null; defined in file [C:\Users\magda\IdeaProjects\magdalena-szade-kodilla-java\kodilla-spring\build\classes\java\main\com\kodilla\spring\library\LibraryDbController.class]] with [Root bean: class [null]; scope=; abstract=false; lazyInit=false; autowireMode=3; dependencyCheck=0; autowireCandidate=true; primary=false; factoryBeanName=libraryConfig; factoryMethodName=libraryDbController; initMethodName=null; destroyMethodName=(inferred); defined in com.kodilla.spring.library.LibraryConfig]
2019-01-10 11:25:30.750  INFO 1284 --- [    Test worker] o.s.j.e.a.AnnotationMBeanExporter        : Registering beans for JMX exposure on startup
===== Beans list: ==== >>
org.springframework.context.annotation.internalConfigurationAnnotationProcessor
org.springframework.context.annotation.internalAutowiredAnnotationProcessor
org.springframework.context.annotation.internalRequiredAnnotationProcessor
org.springframework.context.annotation.internalCommonAnnotationProcessor
org.springframework.context.event.internalEventListenerProcessor
org.springframework.context.event.internalEventListenerFactory
calculator
display
forumUser
library
libraryConfig
libraryDbController
boardConfig
readerConfig
circle
shapeFactory
triangle
springRunner
taskListToDo
taskListInProgress
taskListDone
getBoard
getReader
book1
createSquare
chosenShape
org.springframework.boot.autoconfigure.AutoConfigurationPackages
org.springframework.boot.autoconfigure.context.PropertyPlaceholderAutoConfiguration
org.springframework.boot.autoconfigure.condition.BeanTypeRegistry
propertySourcesPlaceholderConfigurer
org.springframework.boot.autoconfigure.jmx.JmxAutoConfiguration
mbeanExporter
objectNamingStrategy
mbeanServer
org.springframework.boot.autoconfigure.context.ConfigurationPropertiesAutoConfiguration
org.springframework.boot.context.properties.ConfigurationPropertiesBindingPostProcessor
org.springframework.boot.context.properties.ConfigurationBeanFactoryMetadata
org.springframework.boot.autoconfigure.info.ProjectInfoAutoConfiguration
spring.info-org.springframework.boot.autoconfigure.info.ProjectInfoProperties
org.springframework.boot.autoconfigure.security.reactive.ReactiveSecurityAutoConfiguration
spring.security-org.springframework.boot.autoconfigure.security.SecurityProperties
org.springframework.boot.autoconfigure.web.embedded.EmbeddedWebServerFactoryCustomizerAutoConfiguration
server-org.springframework.boot.autoconfigure.web.ServerProperties
<< ===== Beans list ====
2019-01-10 11:25:30.766  INFO 1284 --- [    Test worker] s.c.a.AnnotationConfigApplicationContext : Refreshing org.springframework.context.annotation.AnnotationConfigApplicationContext@29289b49: startup date [Thu Jan 10 11:25:30 CET 2019]; root of context hierarchy
2019-01-10 11:25:30.797  INFO 1284 --- [    Test worker] o.s.b.f.s.DefaultListableBeanFactory     : Overriding bean definition for bean 'library' with a different definition: replacing [Generic bean: class [com.kodilla.spring.library.Library]; scope=singleton; abstract=false; lazyInit=false; autowireMode=0; dependencyCheck=0; autowireCandidate=true; primary=false; factoryBeanName=null; factoryMethodName=null; initMethodName=null; destroyMethodName=null; defined in file [C:\Users\magda\IdeaProjects\magdalena-szade-kodilla-java\kodilla-spring\build\classes\java\main\com\kodilla\spring\library\Library.class]] with [Root bean: class [null]; scope=; abstract=false; lazyInit=false; autowireMode=3; dependencyCheck=0; autowireCandidate=true; primary=false; factoryBeanName=libraryConfig; factoryMethodName=library; initMethodName=null; destroyMethodName=(inferred); defined in com.kodilla.spring.library.LibraryConfig]
2019-01-10 11:25:30.797  INFO 1284 --- [    Test worker] o.s.b.f.s.DefaultListableBeanFactory     : Overriding bean definition for bean 'libraryDbController' with a different definition: replacing [Generic bean: class [com.kodilla.spring.library.LibraryDbController]; scope=singleton; abstract=false; lazyInit=false; autowireMode=0; dependencyCheck=0; autowireCandidate=true; primary=false; factoryBeanName=null; factoryMethodName=null; initMethodName=null; destroyMethodName=null; defined in file [C:\Users\magda\IdeaProjects\magdalena-szade-kodilla-java\kodilla-spring\build\classes\java\main\com\kodilla\spring\library\LibraryDbController.class]] with [Root bean: class [null]; scope=; abstract=false; lazyInit=false; autowireMode=3; dependencyCheck=0; autowireCandidate=true; primary=false; factoryBeanName=libraryConfig; factoryMethodName=libraryDbController; initMethodName=null; destroyMethodName=(inferred); defined in com.kodilla.spring.library.LibraryConfig]
2019-01-10 11:25:30.875  INFO 1284 --- [    Test worker] o.s.j.e.a.AnnotationMBeanExporter        : Registering beans for JMX exposure on startup
Loading data from database
]]></system-out>
  <system-err><![CDATA[]]></system-err>
</testsuite>
