<?xml version="1.0" encoding="UTF-8"?>
<testsuite name="com.kodilla.spring.library.LibraryTestSuite" tests="3" skipped="0" failures="0" errors="0" timestamp="2019-02-21T11:52:19" hostname="DESKTOP-QC09PJC" time="0.453">
  <properties/>
  <testcase name="testSaveDataToDb" classname="com.kodilla.spring.library.LibraryTestSuite" time="0.148"/>
  <testcase name="testContext" classname="com.kodilla.spring.library.LibraryTestSuite" time="0.154"/>
  <testcase name="testLoadDataFromDb" classname="com.kodilla.spring.library.LibraryTestSuite" time="0.15"/>
  <system-out><![CDATA[2019-02-21 12:52:19.067  INFO 2000 --- [    Test worker] .b.t.c.SpringBootTestContextBootstrapper : Neither @ContextConfiguration nor @ContextHierarchy found for test class [com.kodilla.spring.library.LibraryTestSuite], using SpringBootContextLoader
2019-02-21 12:52:19.067  INFO 2000 --- [    Test worker] o.s.t.c.support.AbstractContextLoader    : Could not detect default resource locations for test class [com.kodilla.spring.library.LibraryTestSuite]: no resource found for suffixes {-context.xml, Context.groovy}.
2019-02-21 12:52:19.067  INFO 2000 --- [    Test worker] t.c.s.AnnotationConfigContextLoaderUtils : Could not detect default configuration classes for test class [com.kodilla.spring.library.LibraryTestSuite]: LibraryTestSuite does not declare any static, non-private, non-final, nested classes annotated with @Configuration.
2019-02-21 12:52:19.083  INFO 2000 --- [    Test worker] .b.t.c.SpringBootTestContextBootstrapper : Found @SpringBootConfiguration com.kodilla.spring.SpringRunner for test class com.kodilla.spring.library.LibraryTestSuite
2019-02-21 12:52:19.083  INFO 2000 --- [    Test worker] .b.t.c.SpringBootTestContextBootstrapper : Loaded default TestExecutionListener class names from location [META-INF/spring.factories]: [org.springframework.boot.test.autoconfigure.restdocs.RestDocsTestExecutionListener, org.springframework.boot.test.autoconfigure.web.client.MockRestServiceServerResetTestExecutionListener, org.springframework.boot.test.autoconfigure.web.servlet.MockMvcPrintOnlyOnFailureTestExecutionListener, org.springframework.boot.test.autoconfigure.web.servlet.WebDriverTestExecutionListener, org.springframework.boot.test.mock.mockito.MockitoTestExecutionListener, org.springframework.boot.test.mock.mockito.ResetMocksTestExecutionListener, org.springframework.test.context.web.ServletTestExecutionListener, org.springframework.test.context.support.DirtiesContextBeforeModesTestExecutionListener, org.springframework.test.context.support.DependencyInjectionTestExecutionListener, org.springframework.test.context.support.DirtiesContextTestExecutionListener, org.springframework.test.context.transaction.TransactionalTestExecutionListener, org.springframework.test.context.jdbc.SqlScriptsTestExecutionListener]
2019-02-21 12:52:19.083  INFO 2000 --- [    Test worker] .b.t.c.SpringBootTestContextBootstrapper : Using TestExecutionListeners: [org.springframework.test.context.support.DirtiesContextBeforeModesTestExecutionListener@20bff02c, org.springframework.boot.test.mock.mockito.MockitoTestExecutionListener@8fc2bed, org.springframework.boot.test.autoconfigure.SpringBootDependencyInjectionTestExecutionListener@1284150a, org.springframework.test.context.support.DirtiesContextTestExecutionListener@29ab2b6a, org.springframework.boot.test.autoconfigure.restdocs.RestDocsTestExecutionListener@764a90e3, org.springframework.boot.test.autoconfigure.web.client.MockRestServiceServerResetTestExecutionListener@1f807e84, org.springframework.boot.test.autoconfigure.web.servlet.MockMvcPrintOnlyOnFailureTestExecutionListener@2d9e143b, org.springframework.boot.test.autoconfigure.web.servlet.WebDriverTestExecutionListener@5d9e9a99, org.springframework.boot.test.mock.mockito.ResetMocksTestExecutionListener@7f71c441]
2019-02-21 12:52:19.099  INFO 2000 --- [    Test worker] s.c.a.AnnotationConfigApplicationContext : Refreshing org.springframework.context.annotation.AnnotationConfigApplicationContext@6319f175: startup date [Thu Feb 21 12:52:19 CET 2019]; root of context hierarchy
2019-02-21 12:52:19.162  INFO 2000 --- [    Test worker] o.s.b.f.s.DefaultListableBeanFactory     : Overriding bean definition for bean 'library' with a different definition: replacing [Generic bean: class [com.kodilla.spring.library.Library]; scope=singleton; abstract=false; lazyInit=false; autowireMode=0; dependencyCheck=0; autowireCandidate=true; primary=false; factoryBeanName=null; factoryMethodName=null; initMethodName=null; destroyMethodName=null; defined in file [C:\Users\magda\IdeaProjects\magdalena-szade-kodilla-java\kodilla-spring\build\classes\java\main\com\kodilla\spring\library\Library.class]] with [Root bean: class [null]; scope=; abstract=false; lazyInit=false; autowireMode=3; dependencyCheck=0; autowireCandidate=true; primary=false; factoryBeanName=libraryConfig; factoryMethodName=library; initMethodName=null; destroyMethodName=(inferred); defined in com.kodilla.spring.library.LibraryConfig]
2019-02-21 12:52:19.162  INFO 2000 --- [    Test worker] o.s.b.f.s.DefaultListableBeanFactory     : Overriding bean definition for bean 'libraryDbController' with a different definition: replacing [Generic bean: class [com.kodilla.spring.library.LibraryDbController]; scope=singleton; abstract=false; lazyInit=false; autowireMode=0; dependencyCheck=0; autowireCandidate=true; primary=false; factoryBeanName=null; factoryMethodName=null; initMethodName=null; destroyMethodName=null; defined in file [C:\Users\magda\IdeaProjects\magdalena-szade-kodilla-java\kodilla-spring\build\classes\java\main\com\kodilla\spring\library\LibraryDbController.class]] with [Root bean: class [null]; scope=; abstract=false; lazyInit=false; autowireMode=3; dependencyCheck=0; autowireCandidate=true; primary=false; factoryBeanName=libraryConfig; factoryMethodName=libraryDbController; initMethodName=null; destroyMethodName=(inferred); defined in com.kodilla.spring.library.LibraryConfig]
2019-02-21 12:52:19.226  INFO 2000 --- [    Test worker] o.s.j.e.a.AnnotationMBeanExporter        : Registering beans for JMX exposure on startup
Saving data to the database.
2019-02-21 12:52:19.241  INFO 2000 --- [    Test worker] s.c.a.AnnotationConfigApplicationContext : Refreshing org.springframework.context.annotation.AnnotationConfigApplicationContext@2f0953d6: startup date [Thu Feb 21 12:52:19 CET 2019]; root of context hierarchy
2019-02-21 12:52:19.304  INFO 2000 --- [    Test worker] o.s.b.f.s.DefaultListableBeanFactory     : Overriding bean definition for bean 'library' with a different definition: replacing [Generic bean: class [com.kodilla.spring.library.Library]; scope=singleton; abstract=false; lazyInit=false; autowireMode=0; dependencyCheck=0; autowireCandidate=true; primary=false; factoryBeanName=null; factoryMethodName=null; initMethodName=null; destroyMethodName=null; defined in file [C:\Users\magda\IdeaProjects\magdalena-szade-kodilla-java\kodilla-spring\build\classes\java\main\com\kodilla\spring\library\Library.class]] with [Root bean: class [null]; scope=; abstract=false; lazyInit=false; autowireMode=3; dependencyCheck=0; autowireCandidate=true; primary=false; factoryBeanName=libraryConfig; factoryMethodName=library; initMethodName=null; destroyMethodName=(inferred); defined in com.kodilla.spring.library.LibraryConfig]
2019-02-21 12:52:19.304  INFO 2000 --- [    Test worker] o.s.b.f.s.DefaultListableBeanFactory     : Overriding bean definition for bean 'libraryDbController' with a different definition: replacing [Generic bean: class [com.kodilla.spring.library.LibraryDbController]; scope=singleton; abstract=false; lazyInit=false; autowireMode=0; dependencyCheck=0; autowireCandidate=true; primary=false; factoryBeanName=null; factoryMethodName=null; initMethodName=null; destroyMethodName=null; defined in file [C:\Users\magda\IdeaProjects\magdalena-szade-kodilla-java\kodilla-spring\build\classes\java\main\com\kodilla\spring\library\LibraryDbController.class]] with [Root bean: class [null]; scope=; abstract=false; lazyInit=false; autowireMode=3; dependencyCheck=0; autowireCandidate=true; primary=false; factoryBeanName=libraryConfig; factoryMethodName=libraryDbController; initMethodName=null; destroyMethodName=(inferred); defined in com.kodilla.spring.library.LibraryConfig]
2019-02-21 12:52:19.382  INFO 2000 --- [    Test worker] o.s.j.e.a.AnnotationMBeanExporter        : Registering beans for JMX exposure on startup
===== Beans list: ==== >>
org.springframework.context.annotation.internalConfigurationAnnotationProcessor
org.springframework.context.annotation.internalAutowiredAnnotationProcessor
org.springframework.context.annotation.internalRequiredAnnotationProcessor
org.springframework.context.annotation.internalCommonAnnotationProcessor
org.springframework.context.event.internalEventListenerProcessor
org.springframework.context.event.internalEventListenerFactory
calculator
display
forumUser
library
libraryConfig
libraryDbController
boardConfig
readerConfig
circle
shapeFactory
triangle
springRunner
taskListToDo
taskListInProgress
taskListDone
getBoard
getReader
book1
book2
createSquare
chosenShape
org.springframework.boot.autoconfigure.AutoConfigurationPackages
org.springframework.boot.autoconfigure.context.PropertyPlaceholderAutoConfiguration
org.springframework.boot.autoconfigure.condition.BeanTypeRegistry
propertySourcesPlaceholderConfigurer
org.springframework.boot.autoconfigure.jmx.JmxAutoConfiguration
mbeanExporter
objectNamingStrategy
mbeanServer
org.springframework.boot.autoconfigure.context.ConfigurationPropertiesAutoConfiguration
org.springframework.boot.context.properties.ConfigurationPropertiesBindingPostProcessor
org.springframework.boot.context.properties.ConfigurationBeanFactoryMetadata
org.springframework.boot.autoconfigure.info.ProjectInfoAutoConfiguration
spring.info-org.springframework.boot.autoconfigure.info.ProjectInfoProperties
org.springframework.boot.autoconfigure.security.reactive.ReactiveSecurityAutoConfiguration
spring.security-org.springframework.boot.autoconfigure.security.SecurityProperties
org.springframework.boot.autoconfigure.web.embedded.EmbeddedWebServerFactoryCustomizerAutoConfiguration
server-org.springframework.boot.autoconfigure.web.ServerProperties
<< ===== Beans list ====
2019-02-21 12:52:19.397  INFO 2000 --- [    Test worker] s.c.a.AnnotationConfigApplicationContext : Refreshing org.springframework.context.annotation.AnnotationConfigApplicationContext@1f3b8ee1: startup date [Thu Feb 21 12:52:19 CET 2019]; root of context hierarchy
2019-02-21 12:52:19.460  INFO 2000 --- [    Test worker] o.s.b.f.s.DefaultListableBeanFactory     : Overriding bean definition for bean 'library' with a different definition: replacing [Generic bean: class [com.kodilla.spring.library.Library]; scope=singleton; abstract=false; lazyInit=false; autowireMode=0; dependencyCheck=0; autowireCandidate=true; primary=false; factoryBeanName=null; factoryMethodName=null; initMethodName=null; destroyMethodName=null; defined in file [C:\Users\magda\IdeaProjects\magdalena-szade-kodilla-java\kodilla-spring\build\classes\java\main\com\kodilla\spring\library\Library.class]] with [Root bean: class [null]; scope=; abstract=false; lazyInit=false; autowireMode=3; dependencyCheck=0; autowireCandidate=true; primary=false; factoryBeanName=libraryConfig; factoryMethodName=library; initMethodName=null; destroyMethodName=(inferred); defined in com.kodilla.spring.library.LibraryConfig]
2019-02-21 12:52:19.460  INFO 2000 --- [    Test worker] o.s.b.f.s.DefaultListableBeanFactory     : Overriding bean definition for bean 'libraryDbController' with a different definition: replacing [Generic bean: class [com.kodilla.spring.library.LibraryDbController]; scope=singleton; abstract=false; lazyInit=false; autowireMode=0; dependencyCheck=0; autowireCandidate=true; primary=false; factoryBeanName=null; factoryMethodName=null; initMethodName=null; destroyMethodName=null; defined in file [C:\Users\magda\IdeaProjects\magdalena-szade-kodilla-java\kodilla-spring\build\classes\java\main\com\kodilla\spring\library\LibraryDbController.class]] with [Root bean: class [null]; scope=; abstract=false; lazyInit=false; autowireMode=3; dependencyCheck=0; autowireCandidate=true; primary=false; factoryBeanName=libraryConfig; factoryMethodName=libraryDbController; initMethodName=null; destroyMethodName=(inferred); defined in com.kodilla.spring.library.LibraryConfig]
2019-02-21 12:52:19.538  INFO 2000 --- [    Test worker] o.s.j.e.a.AnnotationMBeanExporter        : Registering beans for JMX exposure on startup
Loading data from database
]]></system-out>
  <system-err><![CDATA[]]></system-err>
</testsuite>
