<?xml version="1.0" encoding="UTF-8"?>
<testsuite name="com.kodilla.spring.reader.ReaderTestSuite" tests="2" skipped="0" failures="0" errors="0" timestamp="2019-01-10T10:25:31" hostname="DESKTOP-QC09PJC" time="0.04">
  <properties/>
  <testcase name="testRead" classname="com.kodilla.spring.reader.ReaderTestSuite" time="0.021"/>
  <testcase name="testConditional" classname="com.kodilla.spring.reader.ReaderTestSuite" time="0.019"/>
  <system-out><![CDATA[2019-01-10 11:25:31.000  INFO 1284 --- [    Test worker] s.c.a.AnnotationConfigApplicationContext : Refreshing org.springframework.context.annotation.AnnotationConfigApplicationContext@65efabf5: startup date [Thu Jan 10 11:25:31 CET 2019]; root of context hierarchy
Reading: The book number one
2019-01-10 11:25:31.015  INFO 1284 --- [    Test worker] s.c.a.AnnotationConfigApplicationContext : Refreshing org.springframework.context.annotation.AnnotationConfigApplicationContext@7204deb2: startup date [Thu Jan 10 11:25:31 CET 2019]; root of context hierarchy
Bean book2 was found in the container: false
]]></system-out>
  <system-err><![CDATA[]]></system-err>
</testsuite>
