<?xml version="1.0" encoding="UTF-8"?>
<testsuite name="com.kodilla.testing.forum.statistics.CalculateStatisticTestSuite" tests="6" skipped="0" failures="0" errors="0" timestamp="2019-02-21T11:52:24" hostname="DESKTOP-QC09PJC" time="0.091">
  <properties/>
  <testcase name="testCalculateStatistic1" classname="com.kodilla.testing.forum.statistics.CalculateStatisticTestSuite" time="0.088"/>
  <testcase name="testCalculateStatistic2" classname="com.kodilla.testing.forum.statistics.CalculateStatisticTestSuite" time="0.001"/>
  <testcase name="testCalculateStatistic3" classname="com.kodilla.testing.forum.statistics.CalculateStatisticTestSuite" time="0.0"/>
  <testcase name="testCalculateStatistic4" classname="com.kodilla.testing.forum.statistics.CalculateStatisticTestSuite" time="0.001"/>
  <testcase name="testCalculateStatistic5" classname="com.kodilla.testing.forum.statistics.CalculateStatisticTestSuite" time="0.001"/>
  <testcase name="testCalculateStatistic6" classname="com.kodilla.testing.forum.statistics.CalculateStatisticTestSuite" time="0.0"/>
  <system-out><![CDATA[This is the beginning of tests.
Preparing to execute test #1
Preparing to execute test #2
Preparing to execute test #3
Preparing to execute test #4
Preparing to execute test #5
Preparing to execute test #6
All tests are finished.
]]></system-out>
  <system-err><![CDATA[]]></system-err>
</testsuite>
