<?xml version="1.0" encoding="UTF-8"?>
<testsuite name="com.kodilla.testing.library.BookDirectorTestSuite" tests="6" skipped="0" failures="0" errors="0" timestamp="2019-01-10T10:25:34" hostname="DESKTOP-QC09PJC" time="0.011">
  <properties/>
  <testcase name="testListBooksWithConditionFragmentShorterThan3" classname="com.kodilla.testing.library.BookDirectorTestSuite" time="0.008"/>
  <testcase name="testListBooksWithConditionMoreThan20" classname="com.kodilla.testing.library.BookDirectorTestSuite" time="0.001"/>
  <testcase name="testListBooksWithConditionsReturnList" classname="com.kodilla.testing.library.BookDirectorTestSuite" time="0.001"/>
  <testcase name="testListBooksInHandsOf1Books" classname="com.kodilla.testing.library.BookDirectorTestSuite" time="0.0"/>
  <testcase name="testListBooksInHandsOf5Books" classname="com.kodilla.testing.library.BookDirectorTestSuite" time="0.001"/>
  <testcase name="testListBooksInHandsOfZeroBooks" classname="com.kodilla.testing.library.BookDirectorTestSuite" time="0.0"/>
  <system-out><![CDATA[]]></system-out>
  <system-err><![CDATA[]]></system-err>
</testsuite>
