<?xml version="1.0" encoding="UTF-8"?>
<testsuite name="com.kodilla.testing.shape.ShapeCollectorTestSuite" tests="4" skipped="0" failures="0" errors="0" timestamp="2018-11-15T19:07:30" hostname="SZADE-LENOVO" time="0.035">
  <properties/>
  <testcase name="testRemoveFigureWhenEmptyList" classname="com.kodilla.testing.shape.ShapeCollectorTestSuite" time="0.021"/>
  <testcase name="testRemoveFigure" classname="com.kodilla.testing.shape.ShapeCollectorTestSuite" time="0.013"/>
  <testcase name="testAddFigure" classname="com.kodilla.testing.shape.ShapeCollectorTestSuite" time="0.0"/>
  <testcase name="testGetFigure" classname="com.kodilla.testing.shape.ShapeCollectorTestSuite" time="0.001"/>
  <system-out><![CDATA[This is the beginning of tests.
Preparing to execute test #1
Preparing to execute test #2
Preparing to execute test #3
Preparing to execute test #4
All tests are finished.
]]></system-out>
  <system-err><![CDATA[]]></system-err>
</testsuite>
