<?xml version="1.0" encoding="UTF-8"?>
<testsuite name="com.kodilla.testing.library.BookDirectorTestSuite" tests="6" skipped="0" failures="0" errors="0" timestamp="2018-11-15T19:07:30" hostname="SZADE-LENOVO" time="0.046">
  <properties/>
  <testcase name="testListBooksWithConditionFragmentShorterThan3" classname="com.kodilla.testing.library.BookDirectorTestSuite" time="0.041"/>
  <testcase name="testListBooksWithConditionMoreThan20" classname="com.kodilla.testing.library.BookDirectorTestSuite" time="0.002"/>
  <testcase name="testListBooksWithConditionsReturnList" classname="com.kodilla.testing.library.BookDirectorTestSuite" time="0.001"/>
  <testcase name="testListBooksInHandsOf1Books" classname="com.kodilla.testing.library.BookDirectorTestSuite" time="0.001"/>
  <testcase name="testListBooksInHandsOf5Books" classname="com.kodilla.testing.library.BookDirectorTestSuite" time="0.0"/>
  <testcase name="testListBooksInHandsOfZeroBooks" classname="com.kodilla.testing.library.BookDirectorTestSuite" time="0.001"/>
  <system-out><![CDATA[]]></system-out>
  <system-err><![CDATA[]]></system-err>
</testsuite>
