<?xml version="1.0" encoding="UTF-8"?>
<testsuite name="com.kodilla.patterns.factory.tasks.TaskFactoryTestSuite" tests="3" skipped="0" failures="0" errors="0" timestamp="2019-02-21T11:52:10" hostname="DESKTOP-QC09PJC" time="0.002">
  <properties/>
  <testcase name="testShoppingTask" classname="com.kodilla.patterns.factory.tasks.TaskFactoryTestSuite" time="0.001"/>
  <testcase name="testDrivingTask" classname="com.kodilla.patterns.factory.tasks.TaskFactoryTestSuite" time="0.0"/>
  <testcase name="testPaintingTask" classname="com.kodilla.patterns.factory.tasks.TaskFactoryTestSuite" time="0.0"/>
  <system-out><![CDATA[Zadanie: shopping task zostaĹ‚o wykonane.
Zadanie: driving task zostaĹ‚o wykonane.
]]></system-out>
  <system-err><![CDATA[]]></system-err>
</testsuite>
