<?xml version="1.0" encoding="UTF-8"?>
<testsuite name="com.kodilla.patterns.prototype.library.LibraryTestSuite" tests="1" skipped="0" failures="0" errors="0" timestamp="2019-01-10T10:25:25" hostname="DESKTOP-QC09PJC" time="0.008">
  <properties/>
  <testcase name="testGetBooks" classname="com.kodilla.patterns.prototype.library.LibraryTestSuite" time="0.008"/>
  <system-out><![CDATA[Library
Book{title='Title 10', author='Author 10', publicationDate=2000-01-10}
Book{title='Title 2', author='Author 2', publicationDate=2000-01-02}
Book{title='Title 9', author='Author 9', publicationDate=2000-01-09}
Book{title='Title 8', author='Author 8', publicationDate=2000-01-08}
Book{title='Title 4', author='Author 4', publicationDate=2000-01-04}
Book{title='Title 6', author='Author 6', publicationDate=2000-01-06}
Book{title='Title 1', author='Author 1', publicationDate=2000-01-01}
Book{title='Title 3', author='Author 3', publicationDate=2000-01-03}
Book{title='Mistrz i MaĹ‚gorzata', author='M.BuĹ‚hakow', publicationDate=1989-01-06}
Book{title='Title 5', author='Author 5', publicationDate=2000-01-05}
Book{title='Title 7', author='Author 7', publicationDate=2000-01-07}.
Shallow copy Library
Book{title='Title 10', author='Author 10', publicationDate=2000-01-10}
Book{title='Title 2', author='Author 2', publicationDate=2000-01-02}
Book{title='Title 9', author='Author 9', publicationDate=2000-01-09}
Book{title='Title 8', author='Author 8', publicationDate=2000-01-08}
Book{title='Title 4', author='Author 4', publicationDate=2000-01-04}
Book{title='Title 6', author='Author 6', publicationDate=2000-01-06}
Book{title='Title 1', author='Author 1', publicationDate=2000-01-01}
Book{title='Title 3', author='Author 3', publicationDate=2000-01-03}
Book{title='Mistrz i MaĹ‚gorzata', author='M.BuĹ‚hakow', publicationDate=1989-01-06}
Book{title='Title 5', author='Author 5', publicationDate=2000-01-05}
Book{title='Title 7', author='Author 7', publicationDate=2000-01-07}.
Deep copy Library
Book{title='Title 9', author='Author 9', publicationDate=2000-01-09}
Book{title='Title 8', author='Author 8', publicationDate=2000-01-08}
Book{title='Title 1', author='Author 1', publicationDate=2000-01-01}
Book{title='Title 5', author='Author 5', publicationDate=2000-01-05}
Book{title='Title 4', author='Author 4', publicationDate=2000-01-04}
Book{title='Title 6', author='Author 6', publicationDate=2000-01-06}
Book{title='Title 3', author='Author 3', publicationDate=2000-01-03}
Book{title='Title 10', author='Author 10', publicationDate=2000-01-10}
Book{title='Title 2', author='Author 2', publicationDate=2000-01-02}
Book{title='Title 7', author='Author 7', publicationDate=2000-01-07}.
]]></system-out>
  <system-err><![CDATA[]]></system-err>
</testsuite>
