<?xml version="1.0" encoding="UTF-8"?>
<testsuite name="com.kodilla.patterns.builder.bigmac.BigmacTestSuite" tests="1" skipped="0" failures="0" errors="0" timestamp="2019-01-10T10:25:25" hostname="DESKTOP-QC09PJC" time="0.004">
  <properties/>
  <testcase name="testNewBogmac" classname="com.kodilla.patterns.builder.bigmac.BigmacTestSuite" time="0.004"/>
  <system-out><![CDATA[BigMac{BuĹ‚ka='pszenna', iloĹ›Ä‡ kotletĂłw='3', skĹ‚adniki dodatkowe=[ogĂłrek, pieczarki]}
]]></system-out>
  <system-err><![CDATA[]]></system-err>
</testsuite>
